ARM GAS  /tmp/ccDzpRlq.s 			page 1


   1              		.cpu cortex-m3
   2              		.eabi_attribute 20, 1
   3              		.eabi_attribute 21, 1
   4              		.eabi_attribute 23, 3
   5              		.eabi_attribute 24, 1
   6              		.eabi_attribute 25, 1
   7              		.eabi_attribute 26, 1
   8              		.eabi_attribute 30, 6
   9              		.eabi_attribute 34, 1
  10              		.eabi_attribute 18, 4
  11              		.file	"midiControl.c"
  12              		.text
  13              	.Ltext0:
  14              		.cfi_sections	.debug_frame
  15              		.section	.rodata.CHANNEL_OFFSET_TAB,"a",%progbits
  16              		.align	2
  19              	CHANNEL_OFFSET_TAB:
  20 0000 08       		.byte	8
  21 0001 1C       		.byte	28
  22 0002 30       		.byte	48
  23 0003 44       		.byte	68
  24 0004 58       		.byte	88
  25 0005 6C       		.byte	108
  26 0006 80       		.byte	-128
  27              		.section	.rodata.OFFSET_TAB_CCMRx,"a",%progbits
  28              		.align	2
  31              	OFFSET_TAB_CCMRx:
  32 0000 00       		.byte	0
  33 0001 00       		.byte	0
  34 0002 00       		.byte	0
  35 0003 00       		.byte	0
  36 0004 04       		.byte	4
  37 0005 04       		.byte	4
  38 0006 04       		.byte	4
  39              		.section	.rodata.SHIFT_TAB_OCxx,"a",%progbits
  40              		.align	2
  43              	SHIFT_TAB_OCxx:
  44 0000 00       		.byte	0
  45 0001 00       		.byte	0
  46 0002 08       		.byte	8
  47 0003 00       		.byte	0
  48 0004 00       		.byte	0
  49 0005 00       		.byte	0
  50 0006 08       		.byte	8
  51              		.section	.rodata.SHIFT_TAB_ICxx,"a",%progbits
  52              		.align	2
  55              	SHIFT_TAB_ICxx:
  56 0000 00       		.byte	0
  57 0001 00       		.byte	0
  58 0002 08       		.byte	8
  59 0003 00       		.byte	0
  60 0004 00       		.byte	0
  61 0005 00       		.byte	0
  62 0006 08       		.byte	8
  63              		.section	.rodata.SHIFT_TAB_CCxP,"a",%progbits
  64              		.align	2
  67              	SHIFT_TAB_CCxP:
ARM GAS  /tmp/ccDzpRlq.s 			page 2


  68 0000 00       		.byte	0
  69 0001 02       		.byte	2
  70 0002 04       		.byte	4
  71 0003 06       		.byte	6
  72 0004 08       		.byte	8
  73 0005 0A       		.byte	10
  74 0006 0C       		.byte	12
  75              		.section	.rodata.SHIFT_TAB_OISx,"a",%progbits
  76              		.align	2
  79              	SHIFT_TAB_OISx:
  80 0000 00       		.byte	0
  81 0001 01       		.byte	1
  82 0002 02       		.byte	2
  83 0003 03       		.byte	3
  84 0004 04       		.byte	4
  85 0005 05       		.byte	5
  86 0006 06       		.byte	6
  87              		.comm	midiRxBuffer,100,4
  88              		.global	midiRxBufferStartIndex
  89              		.section	.bss.midiRxBufferStartIndex,"aw",%nobits
  90              		.align	2
  93              	midiRxBufferStartIndex:
  94 0000 00000000 		.space	4
  95              		.global	midiRxBufferEndIndex
  96              		.section	.bss.midiRxBufferEndIndex,"aw",%nobits
  97              		.align	2
 100              	midiRxBufferEndIndex:
 101 0000 00000000 		.space	4
 102              		.text
 103              	.Letext0:
 104              		.file 1 "/usr/include/newlib/machine/_default_types.h"
 105              		.file 2 "/usr/include/newlib/sys/_stdint.h"
 106              		.file 3 "Drivers/CMSIS/Include/core_cm3.h"
 107              		.file 4 "Drivers/CMSIS/Device/ST/STM32F1xx/Include/system_stm32f1xx.h"
 108              		.file 5 "Drivers/STM32F1xx_HAL_Driver/Inc/stm32f1xx_ll_dma.h"
 109              		.file 6 "Drivers/STM32F1xx_HAL_Driver/Inc/stm32f1xx_ll_tim.h"
 110              		.file 7 "Inc/midiControl.h"
 111              		.file 8 "Src/midiControl.c"
ARM GAS  /tmp/ccDzpRlq.s 			page 3


DEFINED SYMBOLS
                            *ABS*:0000000000000000 midiControl.c
     /tmp/ccDzpRlq.s:16     .rodata.CHANNEL_OFFSET_TAB:0000000000000000 $d
     /tmp/ccDzpRlq.s:19     .rodata.CHANNEL_OFFSET_TAB:0000000000000000 CHANNEL_OFFSET_TAB
     /tmp/ccDzpRlq.s:28     .rodata.OFFSET_TAB_CCMRx:0000000000000000 $d
     /tmp/ccDzpRlq.s:31     .rodata.OFFSET_TAB_CCMRx:0000000000000000 OFFSET_TAB_CCMRx
     /tmp/ccDzpRlq.s:40     .rodata.SHIFT_TAB_OCxx:0000000000000000 $d
     /tmp/ccDzpRlq.s:43     .rodata.SHIFT_TAB_OCxx:0000000000000000 SHIFT_TAB_OCxx
     /tmp/ccDzpRlq.s:52     .rodata.SHIFT_TAB_ICxx:0000000000000000 $d
     /tmp/ccDzpRlq.s:55     .rodata.SHIFT_TAB_ICxx:0000000000000000 SHIFT_TAB_ICxx
     /tmp/ccDzpRlq.s:64     .rodata.SHIFT_TAB_CCxP:0000000000000000 $d
     /tmp/ccDzpRlq.s:67     .rodata.SHIFT_TAB_CCxP:0000000000000000 SHIFT_TAB_CCxP
     /tmp/ccDzpRlq.s:76     .rodata.SHIFT_TAB_OISx:0000000000000000 $d
     /tmp/ccDzpRlq.s:79     .rodata.SHIFT_TAB_OISx:0000000000000000 SHIFT_TAB_OISx
                            *COM*:0000000000000064 midiRxBuffer
     /tmp/ccDzpRlq.s:93     .bss.midiRxBufferStartIndex:0000000000000000 midiRxBufferStartIndex
     /tmp/ccDzpRlq.s:90     .bss.midiRxBufferStartIndex:0000000000000000 $d
     /tmp/ccDzpRlq.s:100    .bss.midiRxBufferEndIndex:0000000000000000 midiRxBufferEndIndex
     /tmp/ccDzpRlq.s:97     .bss.midiRxBufferEndIndex:0000000000000000 $d
                           .group:0000000000000000 wm4.0.3946371c97d0a222db2c40aaaa70ce2e
                           .group:0000000000000000 wm4._newlib_version.h.4.9ba035841e762c3308916a0ce96032e7
                           .group:0000000000000000 wm4.features.h.33.318b64d71e0957639cfb30f1db1f7ec8
                           .group:0000000000000000 wm4._default_types.h.15.247e5cd201eca3442cbf5404108c4935
                           .group:0000000000000000 wm4._intsup.h.10.cce27fed8484c08a33f522034c30d2b5
                           .group:0000000000000000 wm4._stdint.h.10.c24fa3af3bc1706662bb5593a907e841
                           .group:0000000000000000 wm4.stdint.h.23.d53047a68f4a85177f80b422d52785ed
                           .group:0000000000000000 wm4.stm32f1xx.h.57.c2a10934f4c6830aeb7e4997f02806f1
                           .group:0000000000000000 wm4.stm32f103xb.h.56.66305a77cea9d5300aac997a78930076
                           .group:0000000000000000 wm4.core_cm3.h.42.2a8e0c96b09547b9973a4a18db1ac16e
                           .group:0000000000000000 wm4.cmsis_gcc.h.36.67d2dcde6a14ff518eedc1d545d89a76
                           .group:0000000000000000 wm4.core_cm3.h.175.a6c441adf1a05ce96eea3cf78e6687ab
                           .group:0000000000000000 wm4.stm32f103xb.h.619.22d758ea40bb8f555fe007e299ff5828
                           .group:0000000000000000 wm4.stm32f1xx.h.180.c0013e6ebd6ad07f67c298190b8eac92
                           .group:0000000000000000 wm4.stm32f1xx_ll_rcc.h.133.f2c6b39aafa6dc41b1f80066964a517a
                           .group:0000000000000000 wm4.stm32f1xx_ll_bus.h.55.b62a26ffaac5157df7e1c6646444baca
                           .group:0000000000000000 wm4.stm32f1xx_ll_system.h.50.25f6bc0dfea888a7947450c77fd3f3ce
                           .group:0000000000000000 wm4.stm32f1xx_ll_exti.h.38.b2302a3f1b3c0406d04c4166dc2ab6b9
                           .group:0000000000000000 wm4.stm32f1xx_ll_cortex.h.54.d72579fbac3fba8c27d23f5f86c5a2d0
                           .group:0000000000000000 wm4.stm32f1xx_ll_utils.h.50.defdd3826689e2648050ec6def2cb464
                           .group:0000000000000000 wm4.stm32f1xx_ll_pwr.h.38.f2a5845cec5a51652c5c1799688667a3
                           .group:0000000000000000 wm4.stm32f1xx_ll_dma.h.38.c318779340499782ef5ff02b83153b4b
                           .group:0000000000000000 wm4.stm32f1xx_ll_tim.h.38.f5d216c51972265e657c63880bebcf3c
                           .group:0000000000000000 wm4.stm32f1xx_ll_usart.h.38.10e90e64d2ace6efadef6942de41f5f5
                           .group:0000000000000000 wm4.stm32f1xx_ll_gpio.h.38.4ef834ebcab1a56c81b925fcc4e4b857

NO UNDEFINED SYMBOLS
